This is pdfTeX, Version 3.141592653-2.6-1.40.25 (TeX Live 2023) (preloaded format=pdflatex 2024.1.16)  26 JAN 2024 12:05
entering extended mode
 restricted \write18 enabled.
 file:line:error style messages enabled.
 %&-line parsing enabled.
**e:/College/Sem-6/PSP/CODES/TeX/format_example_1/format_example_1
(e:/College/Sem-6/PSP/CODES/TeX/format_example_1/format_example_1.tex
LaTeX2e <2023-11-01>
L3 programming layer <2024-01-04>
(c:/texlive/2023/texmf-dist/tex/latex/base/article.cls
Document Class: article 2023/05/17 v1.4n Standard LaTeX document class
(c:/texlive/2023/texmf-dist/tex/latex/base/size10.clo
File: size10.clo 2023/05/17 v1.4n Standard LaTeX file (size option)
)
\c@part=\count187
\c@section=\count188
\c@subsection=\count189
\c@subsubsection=\count190
\c@paragraph=\count191
\c@subparagraph=\count192
\c@figure=\count193
\c@table=\count194
\abovecaptionskip=\skip48
\belowcaptionskip=\skip49
\bibindent=\dimen140
) (c:/texlive/2023/texmf-dist/tex/latex/geometry/geometry.sty
Package: geometry 2020/01/02 v5.9 Page Geometry
 (c:/texlive/2023/texmf-dist/tex/latex/graphics/keyval.sty
Package: keyval 2022/05/29 v1.15 key=value parser (DPC)
\KV@toks@=\toks17
) (c:/texlive/2023/texmf-dist/tex/generic/iftex/ifvtex.sty
Package: ifvtex 2019/10/25 v1.7 ifvtex legacy package. Use iftex instead.
 (c:/texlive/2023/texmf-dist/tex/generic/iftex/iftex.sty
Package: iftex 2022/02/03 v1.0f TeX engine tests
))
\Gm@cnth=\count195
\Gm@cntv=\count196
\c@Gm@tempcnt=\count197
\Gm@bindingoffset=\dimen141
\Gm@wd@mp=\dimen142
\Gm@odd@mp=\dimen143
\Gm@even@mp=\dimen144
\Gm@layoutwidth=\dimen145
\Gm@layoutheight=\dimen146
\Gm@layouthoffset=\dimen147
\Gm@layoutvoffset=\dimen148
\Gm@dimlist=\toks18
)

Package geometry Warning: Over-specification in `h'-direction.
    `width' (597.50787pt) is ignored.


Package geometry Warning: Over-specification in `v'-direction.
    `height' (845.04684pt) is ignored.

(c:/texlive/2023/texmf-dist/tex/latex/listings/listings.sty
\lst@mode=\count198
\lst@gtempboxa=\box51
\lst@token=\toks19
\lst@length=\count199
\lst@currlwidth=\dimen149
\lst@column=\count266
\lst@pos=\count267
\lst@lostspace=\dimen150
\lst@width=\dimen151
\lst@newlines=\count268
\lst@lineno=\count269
\lst@maxwidth=\dimen152
 (c:/texlive/2023/texmf-dist/tex/latex/listings/lstmisc.sty
File: lstmisc.sty 2023/02/27 1.9 (Carsten Heinz)
\c@lstnumber=\count270
\lst@skipnumbers=\count271
\lst@framebox=\box52
) (c:/texlive/2023/texmf-dist/tex/latex/listings/listings.cfg
File: listings.cfg 2023/02/27 1.9 listings configuration
))
Package: listings 2023/02/27 1.9 (Carsten Heinz)
 (c:/texlive/2023/texmf-dist/tex/latex/graphics/color.sty
Package: color 2022/01/06 v1.3d Standard LaTeX Color (DPC)
 (c:/texlive/2023/texmf-dist/tex/latex/graphics-cfg/color.cfg
File: color.cfg 2016/01/02 v1.6 sample color configuration
)
Package color Info: Driver file: pdftex.def on input line 149.
 (c:/texlive/2023/texmf-dist/tex/latex/graphics-def/pdftex.def
File: pdftex.def 2022/09/22 v1.2b Graphics/color driver for pdftex
) (c:/texlive/2023/texmf-dist/tex/latex/graphics/mathcolor.ltx)) (c:/texlive/2023/texmf-dist/tex/latex/listings/lstlang1.sty
File: lstlang1.sty 2023/02/27 1.9 listings language file
) (c:/texlive/2023/texmf-dist/tex/latex/graphics/graphicx.sty
Package: graphicx 2021/09/16 v1.2d Enhanced LaTeX Graphics (DPC,SPQR)
 (c:/texlive/2023/texmf-dist/tex/latex/graphics/graphics.sty
Package: graphics 2022/03/10 v1.4e Standard LaTeX Graphics (DPC,SPQR)
 (c:/texlive/2023/texmf-dist/tex/latex/graphics/trig.sty
Package: trig 2021/08/11 v1.11 sin cos tan (DPC)
) (c:/texlive/2023/texmf-dist/tex/latex/graphics-cfg/graphics.cfg
File: graphics.cfg 2016/06/04 v1.11 sample graphics configuration
)
Package graphics Info: Driver file: pdftex.def on input line 107.
)
\Gin@req@height=\dimen153
\Gin@req@width=\dimen154
) (c:/texlive/2023/texmf-dist/tex/latex/amsmath/amsmath.sty
Package: amsmath 2023/05/13 v2.17o AMS math features
\@mathmargin=\skip50

For additional information on amsmath, use the `?' option.
(c:/texlive/2023/texmf-dist/tex/latex/amsmath/amstext.sty
Package: amstext 2021/08/26 v2.01 AMS text
 (c:/texlive/2023/texmf-dist/tex/latex/amsmath/amsgen.sty
File: amsgen.sty 1999/11/30 v2.0 generic functions
\@emptytoks=\toks20
\ex@=\dimen155
)) (c:/texlive/2023/texmf-dist/tex/latex/amsmath/amsbsy.sty
Package: amsbsy 1999/11/29 v1.2d Bold Symbols
\pmbraise@=\dimen156
) (c:/texlive/2023/texmf-dist/tex/latex/amsmath/amsopn.sty
Package: amsopn 2022/04/08 v2.04 operator names
)
\inf@bad=\count272
LaTeX Info: Redefining \frac on input line 234.
\uproot@=\count273
\leftroot@=\count274
LaTeX Info: Redefining \overline on input line 399.
LaTeX Info: Redefining \colon on input line 410.
\classnum@=\count275
\DOTSCASE@=\count276
LaTeX Info: Redefining \ldots on input line 496.
LaTeX Info: Redefining \dots on input line 499.
LaTeX Info: Redefining \cdots on input line 620.
\Mathstrutbox@=\box53
\strutbox@=\box54
LaTeX Info: Redefining \big on input line 722.
LaTeX Info: Redefining \Big on input line 723.
LaTeX Info: Redefining \bigg on input line 724.
LaTeX Info: Redefining \Bigg on input line 725.
\big@size=\dimen157
LaTeX Font Info:    Redeclaring font encoding OML on input line 743.
LaTeX Font Info:    Redeclaring font encoding OMS on input line 744.
\macc@depth=\count277
LaTeX Info: Redefining \bmod on input line 905.
LaTeX Info: Redefining \pmod on input line 910.
LaTeX Info: Redefining \smash on input line 940.
LaTeX Info: Redefining \relbar on input line 970.
LaTeX Info: Redefining \Relbar on input line 971.
\c@MaxMatrixCols=\count278
\dotsspace@=\muskip16
\c@parentequation=\count279
\dspbrk@lvl=\count280
\tag@help=\toks21
\row@=\count281
\column@=\count282
\maxfields@=\count283
\andhelp@=\toks22
\eqnshift@=\dimen158
\alignsep@=\dimen159
\tagshift@=\dimen160
\tagwidth@=\dimen161
\totwidth@=\dimen162
\lineht@=\dimen163
\@envbody=\toks23
\multlinegap=\skip51
\multlinetaggap=\skip52
\mathdisplay@stack=\toks24
LaTeX Info: Redefining \[ on input line 2953.
LaTeX Info: Redefining \] on input line 2954.
) (c:/texlive/2023/texmf-dist/tex/latex/amsfonts/amssymb.sty
Package: amssymb 2013/01/14 v3.01 AMS font symbols
 (c:/texlive/2023/texmf-dist/tex/latex/amsfonts/amsfonts.sty
Package: amsfonts 2013/01/14 v3.01 Basic AMSFonts support
\symAMSa=\mathgroup4
\symAMSb=\mathgroup5
LaTeX Font Info:    Redeclaring math symbol \hbar on input line 98.
LaTeX Font Info:    Overwriting math alphabet `\mathfrak' in version `bold'
(Font)                  U/euf/m/n --> U/euf/b/n on input line 106.
)) (c:/texlive/2023/texmf-dist/tex/generic/iftex/ifpdf.sty
Package: ifpdf 2019/10/25 v3.4 ifpdf legacy package. Use iftex instead.
) (c:/texlive/2023/texmf-dist/tex/latex/algorithms/algorithmic.sty
Package: algorithmic 2009/08/24 v0.1 Document Style `algorithmic'
 (c:/texlive/2023/texmf-dist/tex/latex/base/ifthen.sty
Package: ifthen 2022/04/13 v1.1d Standard LaTeX ifthen package (DPC)
)
\c@ALC@unique=\count284
\c@ALC@line=\count285
\c@ALC@rem=\count286
\c@ALC@depth=\count287
\ALC@tlm=\skip53
\algorithmicindent=\skip54
) (c:/texlive/2023/texmf-dist/tex/latex/tools/array.sty
Package: array 2023/10/16 v2.5g Tabular extension package (FMi)
\col@sep=\dimen164
\ar@mcellbox=\box55
\extrarowheight=\dimen165
\NC@list=\toks25
\extratabsurround=\skip55
\backup@length=\skip56
\ar@cellbox=\box56
) (c:/texlive/2023/texmf-dist/tex/latex/mdwtools/mdwmath.sty
Package: mdwmath 1996/04/11 1.1 Nice mathematical things
\sq@sqrt=\count288
LaTeX Info: Redefining \sqrt on input line 84.
) (c:/texlive/2023/texmf-dist/tex/latex/pdfpages/pdfpages.sty
Package: pdfpages 2022/12/19 v0.5x Insert pages of external PDF documents (AM)
 (c:/texlive/2023/texmf-dist/tex/latex/tools/calc.sty
Package: calc 2023/07/08 v4.3 Infix arithmetic (KKT,FJ)
\calc@Acount=\count289
\calc@Bcount=\count290
\calc@Adimen=\dimen166
\calc@Bdimen=\dimen167
\calc@Askip=\skip57
\calc@Bskip=\skip58
LaTeX Info: Redefining \setlength on input line 80.
LaTeX Info: Redefining \addtolength on input line 81.
\calc@Ccount=\count291
\calc@Cskip=\skip59
) (c:/texlive/2023/texmf-dist/tex/latex/eso-pic/eso-pic.sty
Package: eso-pic 2023/05/03 v3.0c eso-pic (RN)
\ESO@tempdima=\dimen168
\ESO@tempdimb=\dimen169
)
\AM@pagewidth=\dimen170
\AM@pageheight=\dimen171
\AM@fboxrule=\dimen172
 (c:/texlive/2023/texmf-dist/tex/latex/pdfpages/pppdftex.def
File: pppdftex.def 2022/12/19 v0.5x Pdfpages driver for pdfTeX (AM)
)
\pdfpages@includegraphics@status=\count292
\AM@pagebox=\box57
\AM@global@opts=\toks26
\AM@pagecnt=\count293
\AM@toc@title=\toks27
\AM@lof@heading=\toks28
\c@AM@survey=\count294
\AM@templatesizebox=\box58
) (c:/texlive/2023/texmf-dist/tex/latex/mdwtools/mdwtab.sty
Package: mdwtab 1998/04/28 1.9 Table typesetting with style
\tab@state=\count295
\tab@columns=\count296
\tab@preamble=\toks29
\tab@shortline=\toks30
\extrarowheight=\dimen173
\tabextrasep=\dimen174
\arrayextrasep=\dimen175
\smarraycolsep=\dimen176
\smarrayextrasep=\dimen177
\tab@width=\dimen178
\col@sep=\dimen179
\tab@endheight=\dimen180
\tab@leftskip=\skip60
\tab@rightskip=\skip61
\fn@notes=\box59
\fn@width=\dimen181
) (c:/texlive/2023/texmf-dist/tex/latex/eqparbox/eqparbox.sty
Package: eqparbox 2017/09/03 v4.1 Create equal-widthed boxes
\eqp@tempdima=\skip62
\eqp@tempdimb=\skip63
\eqp@tabular@box=\box60
\eqp@list@box=\box61
\eqp@list@indent=\skip64
 (c:/texlive/2023/texmf-dist/tex/latex/environ/environ.sty
Package: environ 2014/05/04 v0.3 A new way to define environments
 (c:/texlive/2023/texmf-dist/tex/latex/trimspaces/trimspaces.sty
Package: trimspaces 2009/09/17 v1.1 Trim spaces around a token list
))) (c:/texlive/2023/texmf-dist/tex/latex/l3backend/l3backend-pdftex.def
File: l3backend-pdftex.def 2024-01-04 L3 backend support: PDF output (pdfTeX)
\l__color_backend_stack_int=\count297
\l__pdf_internal_box=\box62
)
No file format_example_1.aux.
\openout1 = `format_example_1.aux'.

LaTeX Font Info:    Checking defaults for OML/cmm/m/it on input line 56.
LaTeX Font Info:    ... okay on input line 56.
LaTeX Font Info:    Checking defaults for OMS/cmsy/m/n on input line 56.
LaTeX Font Info:    ... okay on input line 56.
LaTeX Font Info:    Checking defaults for OT1/cmr/m/n on input line 56.
LaTeX Font Info:    ... okay on input line 56.
LaTeX Font Info:    Checking defaults for T1/cmr/m/n on input line 56.
LaTeX Font Info:    ... okay on input line 56.
LaTeX Font Info:    Checking defaults for TS1/cmr/m/n on input line 56.
LaTeX Font Info:    ... okay on input line 56.
LaTeX Font Info:    Checking defaults for OMX/cmex/m/n on input line 56.
LaTeX Font Info:    ... okay on input line 56.
LaTeX Font Info:    Checking defaults for U/cmr/m/n on input line 56.
LaTeX Font Info:    ... okay on input line 56.
*geometry* driver: auto-detecting
*geometry* detected driver: pdftex
*geometry* verbose mode - [ preamble ] result:
* driver: pdftex
* paper: a4paper
* layout: <same size as paper>
* layoutoffset:(h,v)=(0.0pt,0.0pt)
* modes: 
* h-part:(L,W,R)=(56.9055pt, 483.69687pt, 56.9055pt)
* v-part:(T,H,B)=(-5.69054pt, 845.04684pt, 5.69054pt)
* \paperwidth=597.50787pt
* \paperheight=845.04684pt
* \textwidth=469.75499pt
* \textheight=668.63976pt
* \oddsidemargin=-14.22636pt
* \evensidemargin=-15.36449pt
* \topmargin=-29.87547pt
* \headheight=12.0pt
* \headsep=25.0pt
* \topskip=10.0pt
* \footskip=30.0pt
* \marginparwidth=65.0pt
* \marginparsep=11.0pt
* \columnsep=10.0pt
* \skip\footins=9.0pt plus 4.0pt minus 2.0pt
* \hoffset=0.0pt
* \voffset=0.0pt
* \mag=1000
* \@twocolumnfalse
* \@twosidefalse
* \@mparswitchfalse
* \@reversemarginfalse
* (1in=72.27pt=25.4mm, 1cm=28.453pt)

\c@lstlisting=\count298
(c:/texlive/2023/texmf-dist/tex/context/base/mkii/supp-pdf.mkii
[Loading MPS to PDF converter (version 2006.09.02).]
\scratchcounter=\count299
\scratchdimen=\dimen182
\scratchbox=\box63
\nofMPsegments=\count300
\nofMParguments=\count301
\everyMPshowfont=\toks31
\MPscratchCnt=\count302
\MPscratchDim=\dimen183
\MPnumerator=\count303
\makeMPintoPDFobject=\count304
\everyMPtoPDFconversion=\toks32
) (c:/texlive/2023/texmf-dist/tex/latex/epstopdf-pkg/epstopdf-base.sty
Package: epstopdf-base 2020-01-24 v2.11 Base part for package epstopdf
Package epstopdf-base Info: Redefining graphics rule for `.eps' on input line 485.
 (c:/texlive/2023/texmf-dist/tex/latex/latexconfig/epstopdf-sys.cfg
File: epstopdf-sys.cfg 2010/07/13 v1.3 Configuration of (r)epstopdf for TeX Live
)) (c:/texlive/2023/texmf-dist/tex/latex/pdflscape/pdflscape.sty
Package: pdflscape 2022-10-27 v0.13 Display of landscape pages in PDF
 (c:/texlive/2023/texmf-dist/tex/latex/pdflscape/pdflscape-nometadata.sty
Package: pdflscape-nometadata 2022-10-28 v0.13 Display of landscape pages in PDF (HO)
 (c:/texlive/2023/texmf-dist/tex/latex/graphics/lscape.sty
Package: lscape 2020/05/28 v3.02 Landscape Pages (DPC)
)
Package pdflscape Info: Auto-detected driver: pdftex on input line 81.
))
Underfull \hbox (badness 10000) in paragraph at lines 74--75

 []

LaTeX Font Info:    Trying to load font information for U+msa on input line 77.
(c:/texlive/2023/texmf-dist/tex/latex/amsfonts/umsa.fd
File: umsa.fd 2013/01/14 v3.01 AMS symbols A
)
LaTeX Font Info:    Trying to load font information for U+msb on input line 77.
 (c:/texlive/2023/texmf-dist/tex/latex/amsfonts/umsb.fd
File: umsb.fd 2013/01/14 v3.01 AMS symbols B
)

e:/College/Sem-6/PSP/CODES/TeX/format_example_1/format_example_1.tex:90: LaTeX Error: Something's wrong--perhaps a missing \item.

See the LaTeX manual or LaTeX Companion for explanation.
Type  H <return>  for immediate help.
 ...                                              
                                                  
l.90 \end{enumerate}
                    	
Try typing  <return>  to proceed.
If that doesn't work, type  X <return>  to quit.


Underfull \hbox (badness 10000) in paragraph at lines 76--90

 []


Underfull \hbox (badness 10000) in paragraph at lines 76--90

 []


Underfull \hbox (badness 10000) in paragraph at lines 76--90

 []


Underfull \hbox (badness 10000) in paragraph at lines 76--90

 []


Underfull \hbox (badness 10000) in paragraph at lines 76--90

 []


Underfull \hbox (badness 10000) in paragraph at lines 76--90

 []


Overfull \hbox (7.88094pt too wide) in paragraph at lines 76--90
[][]$ 
 []

[1

{c:/texlive/2023/texmf-var/fonts/map/pdftex/updmap/pdftex.map}]
Underfull \hbox (badness 10000) in paragraph at lines 96--98

 []


Underfull \hbox (badness 10000) in paragraph at lines 96--98

 []


Underfull \hbox (badness 10000) in paragraph at lines 96--98

 []


Underfull \hbox (badness 10000) in paragraph at lines 99--100

 []


Underfull \hbox (badness 10000) in paragraph at lines 99--100

 []


Underfull \hbox (badness 10000) in paragraph at lines 102--104

 []


Underfull \hbox (badness 10000) in paragraph at lines 104--106

 []

e:/College/Sem-6/PSP/CODES/TeX/format_example_1/format_example_1.tex:109: Missing $ inserted.
<inserted text> 
                $
l.109             \therefore
                             \hspace{3mm} $p(A \cup B) = p(A) + p(B)$ \\
I've inserted a begin-math/end-math symbol since I think
you left one out. Proceed, with fingers crossed.

e:/College/Sem-6/PSP/CODES/TeX/format_example_1/format_example_1.tex:109: Missing $ inserted.
<inserted text> 
                $
l.109 ...        \therefore \hspace{3mm} $p(A \cup
                                                   B) = p(A) + p(B)$ \\
I've inserted a begin-math/end-math symbol since I think
you left one out. Proceed, with fingers crossed.


Underfull \hbox (badness 10000) in paragraph at lines 106--110

 []


Underfull \hbox (badness 10000) in paragraph at lines 106--110

 []

[2]
Underfull \hbox (badness 10000) in paragraph at lines 113--115

 []


Underfull \hbox (badness 10000) in paragraph at lines 118--119

 []


Underfull \hbox (badness 10000) in paragraph at lines 122--123

 []


Underfull \hbox (badness 10000) in paragraph at lines 123--125

 []


Underfull \hbox (badness 10000) in paragraph at lines 125--130

 []


Underfull \hbox (badness 10000) in paragraph at lines 125--130

 []


Underfull \hbox (badness 10000) in paragraph at lines 125--130

 []

[3]
Underfull \hbox (badness 10000) in paragraph at lines 137--138

 []


Underfull \hbox (badness 10000) in paragraph at lines 137--138

 []


Underfull \hbox (badness 10000) in paragraph at lines 139--144

 []


Underfull \hbox (badness 10000) in paragraph at lines 139--144

 []


Overfull \hbox (15.81676pt too wide) in paragraph at lines 139--144
[][]$ 
 []


Underfull \hbox (badness 10000) in paragraph at lines 139--144

 []

e:/College/Sem-6/PSP/CODES/TeX/format_example_1/format_example_1.tex:145: Missing $ inserted.
<inserted text> 
                $
l.145 \boxed{$\therefore$ $P(Defective) = 0.0315$}
                                                  
I've inserted a begin-math/end-math symbol since I think
you left one out. Proceed, with fingers crossed.

e:/College/Sem-6/PSP/CODES/TeX/format_example_1/format_example_1.tex:145: Extra }, or forgotten $.
<recently read> }
                 
l.145 \boxed{$\therefore$ $P(Defective) = 0.0315$}
                                                  
I've deleted a group-closing symbol because it seems to be
spurious, as in `$x}$'. But perhaps the } is legitimate and
you forgot something else, as in `\hbox{$x}'. In such cases
the way to recover is to insert both the forgotten and the
deleted material, e.g., by typing `I$}'.

e:/College/Sem-6/PSP/CODES/TeX/format_example_1/format_example_1.tex:145: Missing $ inserted.
<inserted text> 
                $
l.145 \boxed{$\therefore$ $P(Defective) = 0.0315$}
                                                  
I've inserted a begin-math/end-math symbol since I think
you left one out. Proceed, with fingers crossed.

e:/College/Sem-6/PSP/CODES/TeX/format_example_1/format_example_1.tex:145: Missing } inserted.
<inserted text> 
                }
l.145 \boxed{$\therefore$ $P(Defective) = 0.0315$}
                                                  
I've inserted something that you may have forgotten.
(See the <inserted text> above.)
With luck, this will get me unwedged. But if you
really didn't forget anything, try typing `2' now; then
my insertion and my current dilemma will both disappear.

[4]
Underfull \hbox (badness 10000) in paragraph at lines 149--150

 []


Underfull \hbox (badness 10000) in paragraph at lines 149--150

 []


Underfull \hbox (badness 10000) in paragraph at lines 151--152

 []

e:/College/Sem-6/PSP/CODES/TeX/format_example_1/format_example_1.tex:159: Missing $ inserted.
<inserted text> 
                $
l.159 \boxed{$\therefore$ $P(U4|D) = 0.2539$}
                                             
I've inserted a begin-math/end-math symbol since I think
you left one out. Proceed, with fingers crossed.

e:/College/Sem-6/PSP/CODES/TeX/format_example_1/format_example_1.tex:159: Extra }, or forgotten $.
<recently read> }
                 
l.159 \boxed{$\therefore$ $P(U4|D) = 0.2539$}
                                             
I've deleted a group-closing symbol because it seems to be
spurious, as in `$x}$'. But perhaps the } is legitimate and
you forgot something else, as in `\hbox{$x}'. In such cases
the way to recover is to insert both the forgotten and the
deleted material, e.g., by typing `I$}'.

e:/College/Sem-6/PSP/CODES/TeX/format_example_1/format_example_1.tex:159: Missing $ inserted.
<inserted text> 
                $
l.159 \boxed{$\therefore$ $P(U4|D) = 0.2539$}
                                             
I've inserted a begin-math/end-math symbol since I think
you left one out. Proceed, with fingers crossed.

e:/College/Sem-6/PSP/CODES/TeX/format_example_1/format_example_1.tex:159: Missing } inserted.
<inserted text> 
                }
l.159 \boxed{$\therefore$ $P(U4|D) = 0.2539$}
                                             
I've inserted something that you may have forgotten.
(See the <inserted text> above.)
With luck, this will get me unwedged. But if you
really didn't forget anything, try typing `2' now; then
my insertion and my current dilemma will both disappear.

[5]

e:/College/Sem-6/PSP/CODES/TeX/format_example_1/format_example_1.tex:166: LaTeX Error: Unicode character ∩ (U+2229)
               not set up for use with LaTeX.

See the LaTeX manual or LaTeX Companion for explanation.
Type  H <return>  for immediate help.
 ...                                              
                                                  
l.166 ...)*P(A2|A1)*P(A3|A1 \cap A2)...P(An|A1 ∩
                                                   A2 ∩ .. ∩ An−1)$ \\...
You may provide a definition with
\DeclareUnicodeCharacter 


e:/College/Sem-6/PSP/CODES/TeX/format_example_1/format_example_1.tex:166: LaTeX Error: Unicode character ∩ (U+2229)
               not set up for use with LaTeX.

See the LaTeX manual or LaTeX Companion for explanation.
Type  H <return>  for immediate help.
 ...                                              
                                                  
l.166 ...A1)*P(A3|A1 \cap A2)...P(An|A1 ∩ A2 ∩
                                                   .. ∩ An−1)$ \\\\\\
You may provide a definition with
\DeclareUnicodeCharacter 


e:/College/Sem-6/PSP/CODES/TeX/format_example_1/format_example_1.tex:166: LaTeX Error: Unicode character ∩ (U+2229)
               not set up for use with LaTeX.

See the LaTeX manual or LaTeX Companion for explanation.
Type  H <return>  for immediate help.
 ...                                              
                                                  
l.166 ...3|A1 \cap A2)...P(An|A1 ∩ A2 ∩ .. ∩
                                                   An−1)$ \\\\\\
You may provide a definition with
\DeclareUnicodeCharacter 


e:/College/Sem-6/PSP/CODES/TeX/format_example_1/format_example_1.tex:166: LaTeX Error: Unicode character − (U+2212)
               not set up for use with LaTeX.

See the LaTeX manual or LaTeX Companion for explanation.
Type  H <return>  for immediate help.
 ...                                              
                                                  
l.166 ...cap A2)...P(An|A1 ∩ A2 ∩ .. ∩ An−
                                                  1)$ \\\\\\
You may provide a definition with
\DeclareUnicodeCharacter 


Underfull \hbox (badness 10000) in paragraph at lines 165--167

 []


Underfull \hbox (badness 10000) in paragraph at lines 165--167

 []


Underfull \hbox (badness 10000) in paragraph at lines 165--167

 []


Underfull \hbox (badness 10000) in paragraph at lines 165--167

 []


Underfull \hbox (badness 10000) in paragraph at lines 169--170

 []


Underfull \hbox (badness 10000) in paragraph at lines 171--172

 []


Underfull \hbox (badness 10000) in paragraph at lines 173--174

 []


Underfull \hbox (badness 10000) in paragraph at lines 173--174

 []


Underfull \hbox (badness 10000) in paragraph at lines 175--176

 []


Underfull \hbox (badness 10000) in paragraph at lines 175--176

 []


Underfull \hbox (badness 10000) in paragraph at lines 177--178

 []


Underfull \hbox (badness 10000) in paragraph at lines 177--178

 []


e:/College/Sem-6/PSP/CODES/TeX/format_example_1/format_example_1.tex:184: LaTeX Error: Unicode character ∩ (U+2229)
               not set up for use with LaTeX.

See the LaTeX manual or LaTeX Companion for explanation.
Type  H <return>  for immediate help.
 ...                                              
                                                  
l.184 ...|A_1)*P(A_3|A_1 \cap A_2)...P(A_n|A_1 ∩
                                                   A_2 ∩ .. ∩ A_n−1)\\\\
You may provide a definition with
\DeclareUnicodeCharacter 


e:/College/Sem-6/PSP/CODES/TeX/format_example_1/format_example_1.tex:184: LaTeX Error: Unicode character ∩ (U+2229)
               not set up for use with LaTeX.

See the LaTeX manual or LaTeX Companion for explanation.
Type  H <return>  for immediate help.
 ...                                              
                                                  
l.184 ...A_3|A_1 \cap A_2)...P(A_n|A_1 ∩ A_2 ∩
                                                   .. ∩ A_n−1)\\\\
You may provide a definition with
\DeclareUnicodeCharacter 


e:/College/Sem-6/PSP/CODES/TeX/format_example_1/format_example_1.tex:184: LaTeX Error: Unicode character ∩ (U+2229)
               not set up for use with LaTeX.

See the LaTeX manual or LaTeX Companion for explanation.
Type  H <return>  for immediate help.
 ...                                              
                                                  
l.184 ... \cap A_2)...P(A_n|A_1 ∩ A_2 ∩ .. ∩
                                                   A_n−1)\\\\
You may provide a definition with
\DeclareUnicodeCharacter 


e:/College/Sem-6/PSP/CODES/TeX/format_example_1/format_example_1.tex:184: LaTeX Error: Unicode character − (U+2212)
               not set up for use with LaTeX.

See the LaTeX manual or LaTeX Companion for explanation.
Type  H <return>  for immediate help.
 ...                                              
                                                  
l.184 ..._2)...P(A_n|A_1 ∩ A_2 ∩ .. ∩ A_n−
                                                  1)\\\\
You may provide a definition with
\DeclareUnicodeCharacter 

[6]
Underfull \hbox (badness 10000) in paragraph at lines 190--192

 []


Underfull \hbox (badness 10000) in paragraph at lines 190--192

 []


Underfull \hbox (badness 10000) in paragraph at lines 190--192

 []


Underfull \hbox (badness 10000) in paragraph at lines 194--202

 []


Underfull \hbox (badness 10000) in paragraph at lines 194--202

 []

e:/College/Sem-6/PSP/CODES/TeX/format_example_1/format_example_1.tex:203: Missing $ inserted.
<inserted text> 
                $
l.203 ...therefore$ $P(A \cap B') = P(A) * P(B')$}
                                                  
I've inserted a begin-math/end-math symbol since I think
you left one out. Proceed, with fingers crossed.

e:/College/Sem-6/PSP/CODES/TeX/format_example_1/format_example_1.tex:203: Extra }, or forgotten $.
<recently read> }
                 
l.203 ...therefore$ $P(A \cap B') = P(A) * P(B')$}
                                                  
I've deleted a group-closing symbol because it seems to be
spurious, as in `$x}$'. But perhaps the } is legitimate and
you forgot something else, as in `\hbox{$x}'. In such cases
the way to recover is to insert both the forgotten and the
deleted material, e.g., by typing `I$}'.

e:/College/Sem-6/PSP/CODES/TeX/format_example_1/format_example_1.tex:203: Missing $ inserted.
<inserted text> 
                $
l.203 ...therefore$ $P(A \cap B') = P(A) * P(B')$}
                                                  
I've inserted a begin-math/end-math symbol since I think
you left one out. Proceed, with fingers crossed.

e:/College/Sem-6/PSP/CODES/TeX/format_example_1/format_example_1.tex:203: Missing } inserted.
<inserted text> 
                }
l.203 ...therefore$ $P(A \cap B') = P(A) * P(B')$}
                                                  
I've inserted something that you may have forgotten.
(See the <inserted text> above.)
With luck, this will get me unwedged. But if you
really didn't forget anything, try typing `2' now; then
my insertion and my current dilemma will both disappear.

[7]
Underfull \hbox (badness 10000) in paragraph at lines 207--215

 []


Underfull \hbox (badness 10000) in paragraph at lines 207--215

 []

e:/College/Sem-6/PSP/CODES/TeX/format_example_1/format_example_1.tex:216: Missing $ inserted.
<inserted text> 
                $
l.216 ...therefore$ $P(A' \cap B) = P(A') * P(B)$}
                                                  
I've inserted a begin-math/end-math symbol since I think
you left one out. Proceed, with fingers crossed.

e:/College/Sem-6/PSP/CODES/TeX/format_example_1/format_example_1.tex:216: Extra }, or forgotten $.
<recently read> }
                 
l.216 ...therefore$ $P(A' \cap B) = P(A') * P(B)$}
                                                  
I've deleted a group-closing symbol because it seems to be
spurious, as in `$x}$'. But perhaps the } is legitimate and
you forgot something else, as in `\hbox{$x}'. In such cases
the way to recover is to insert both the forgotten and the
deleted material, e.g., by typing `I$}'.

e:/College/Sem-6/PSP/CODES/TeX/format_example_1/format_example_1.tex:216: Missing $ inserted.
<inserted text> 
                $
l.216 ...therefore$ $P(A' \cap B) = P(A') * P(B)$}
                                                  
I've inserted a begin-math/end-math symbol since I think
you left one out. Proceed, with fingers crossed.

e:/College/Sem-6/PSP/CODES/TeX/format_example_1/format_example_1.tex:216: Missing } inserted.
<inserted text> 
                }
l.216 ...therefore$ $P(A' \cap B) = P(A') * P(B)$}
                                                  
I've inserted something that you may have forgotten.
(See the <inserted text> above.)
With luck, this will get me unwedged. But if you
really didn't forget anything, try typing `2' now; then
my insertion and my current dilemma will both disappear.

[8]
Underfull \hbox (badness 10000) in paragraph at lines 220--229

 []


Underfull \hbox (badness 10000) in paragraph at lines 220--229

 []

e:/College/Sem-6/PSP/CODES/TeX/format_example_1/format_example_1.tex:230: Missing $ inserted.
<inserted text> 
                $
l.230 ...erefore$ $P(A' \cap B') = P(A') * P(B')$}
                                                  
I've inserted a begin-math/end-math symbol since I think
you left one out. Proceed, with fingers crossed.

e:/College/Sem-6/PSP/CODES/TeX/format_example_1/format_example_1.tex:230: Extra }, or forgotten $.
<recently read> }
                 
l.230 ...erefore$ $P(A' \cap B') = P(A') * P(B')$}
                                                  
I've deleted a group-closing symbol because it seems to be
spurious, as in `$x}$'. But perhaps the } is legitimate and
you forgot something else, as in `\hbox{$x}'. In such cases
the way to recover is to insert both the forgotten and the
deleted material, e.g., by typing `I$}'.

e:/College/Sem-6/PSP/CODES/TeX/format_example_1/format_example_1.tex:230: Missing $ inserted.
<inserted text> 
                $
l.230 ...erefore$ $P(A' \cap B') = P(A') * P(B')$}
                                                  
I've inserted a begin-math/end-math symbol since I think
you left one out. Proceed, with fingers crossed.

e:/College/Sem-6/PSP/CODES/TeX/format_example_1/format_example_1.tex:230: Missing } inserted.
<inserted text> 
                }
l.230 ...erefore$ $P(A' \cap B') = P(A') * P(B')$}
                                                  
I've inserted something that you may have forgotten.
(See the <inserted text> above.)
With luck, this will get me unwedged. But if you
really didn't forget anything, try typing `2' now; then
my insertion and my current dilemma will both disappear.

[9]
Underfull \hbox (badness 10000) in paragraph at lines 234--236

 []


Underfull \hbox (badness 10000) in paragraph at lines 234--236

 []


Underfull \hbox (badness 10000) in paragraph at lines 234--236

 []


Underfull \hbox (badness 10000) in paragraph at lines 238--246

 []


Underfull \hbox (badness 10000) in paragraph at lines 238--246

 []


Underfull \hbox (badness 10000) in paragraph at lines 238--246

 []


Underfull \hbox (badness 10000) in paragraph at lines 238--246

 []


Underfull \hbox (badness 10000) in paragraph at lines 238--246

 []


Underfull \hbox (badness 10000) in paragraph at lines 238--246

 []


Underfull \hbox (badness 10000) in paragraph at lines 238--246

 []


Underfull \hbox (badness 10000) in paragraph at lines 238--246

 []

[10]
Underfull \hbox (badness 10000) in paragraph at lines 249--254

 []


Underfull \hbox (badness 10000) in paragraph at lines 255--257

 []

[11]
Underfull \hbox (badness 10000) in paragraph at lines 260--261

 []


Underfull \hbox (badness 10000) in paragraph at lines 260--261

 []


Underfull \hbox (badness 10000) in paragraph at lines 264--270

 []


Underfull \hbox (badness 10000) in paragraph at lines 264--270

 []

[12]
Underfull \hbox (badness 10000) in paragraph at lines 273--274

 []


Underfull \hbox (badness 10000) in paragraph at lines 273--274

 []


Underfull \hbox (badness 10000) in paragraph at lines 275--281

 []


Underfull \hbox (badness 10000) in paragraph at lines 282--292

 []

[13]
Underfull \hbox (badness 10000) in paragraph at lines 295--297

 []


Underfull \hbox (badness 10000) in paragraph at lines 295--297

 []


Underfull \hbox (badness 10000) in paragraph at lines 295--297

 []

e:/College/Sem-6/PSP/CODES/TeX/format_example_1/format_example_1.tex:306: Missing $ inserted.
<inserted text> 
                $
l.306 \boxed{$\therefore$  $c = \cfrac{2}{\pi}$}
                                                
I've inserted a begin-math/end-math symbol since I think
you left one out. Proceed, with fingers crossed.

e:/College/Sem-6/PSP/CODES/TeX/format_example_1/format_example_1.tex:306: Extra }, or forgotten $.
<recently read> }
                 
l.306 \boxed{$\therefore$  $c = \cfrac{2}{\pi}$}
                                                
I've deleted a group-closing symbol because it seems to be
spurious, as in `$x}$'. But perhaps the } is legitimate and
you forgot something else, as in `\hbox{$x}'. In such cases
the way to recover is to insert both the forgotten and the
deleted material, e.g., by typing `I$}'.

e:/College/Sem-6/PSP/CODES/TeX/format_example_1/format_example_1.tex:306: Missing $ inserted.
<inserted text> 
                $
l.306 \boxed{$\therefore$  $c = \cfrac{2}{\pi}$}
                                                
I've inserted a begin-math/end-math symbol since I think
you left one out. Proceed, with fingers crossed.

e:/College/Sem-6/PSP/CODES/TeX/format_example_1/format_example_1.tex:306: Missing } inserted.
<inserted text> 
                }
l.306 \boxed{$\therefore$  $c = \cfrac{2}{\pi}$}
                                                
I've inserted something that you may have forgotten.
(See the <inserted text> above.)
With luck, this will get me unwedged. But if you
really didn't forget anything, try typing `2' now; then
my insertion and my current dilemma will both disappear.


Underfull \hbox (badness 10000) in paragraph at lines 298--307

 []

[14]
Underfull \hbox (badness 10000) in paragraph at lines 310--319

 []


Underfull \hbox (badness 10000) in paragraph at lines 310--319

 []

[15]
Underfull \hbox (badness 10000) in paragraph at lines 321--330

 []

[16]
Underfull \hbox (badness 10000) in paragraph at lines 333--352

 []


Underfull \hbox (badness 10000) in paragraph at lines 333--352

 []


Underfull \hbox (badness 10000) in paragraph at lines 333--352

 []


Underfull \hbox (badness 10000) in paragraph at lines 333--352

 []


Underfull \hbox (badness 10000) in paragraph at lines 333--352

 []

[17]
Underfull \hbox (badness 10000) in paragraph at lines 360--379

 []


Underfull \hbox (badness 10000) in paragraph at lines 360--379

 []


Underfull \hbox (badness 10000) in paragraph at lines 360--379

 []


Underfull \hbox (badness 10000) in paragraph at lines 360--379

 []


Underfull \hbox (badness 10000) in paragraph at lines 360--379

 []


Underfull \hbox (badness 10000) in paragraph at lines 360--379

 []


Underfull \hbox (badness 10000) in paragraph at lines 360--379

 []

[18]
Underfull \hbox (badness 10000) in paragraph at lines 383--401

 []


Underfull \hbox (badness 10000) in paragraph at lines 383--401

 []


Underfull \hbox (badness 10000) in paragraph at lines 383--401

 []


Underfull \hbox (badness 10000) in paragraph at lines 383--401

 []


Underfull \hbox (badness 10000) in paragraph at lines 383--401

 []


Underfull \hbox (badness 10000) in paragraph at lines 383--401

 []


Underfull \hbox (badness 10000) in paragraph at lines 383--401

 []

[19]
Underfull \hbox (badness 10000) in paragraph at lines 404--420

 []


Underfull \hbox (badness 10000) in paragraph at lines 404--420

 []


Underfull \hbox (badness 10000) in paragraph at lines 404--420

 []


Underfull \hbox (badness 10000) in paragraph at lines 404--420

 []


Underfull \hbox (badness 10000) in paragraph at lines 404--420

 []


Underfull \hbox (badness 10000) in paragraph at lines 404--420

 []

[20]
Underfull \hbox (badness 10000) in paragraph at lines 424--428

 []


Underfull \hbox (badness 10000) in paragraph at lines 424--428

 []


Underfull \hbox (badness 10000) in paragraph at lines 424--428

 []


Underfull \hbox (badness 10000) in paragraph at lines 424--428

 []


Underfull \hbox (badness 10000) in paragraph at lines 429--437

 []

[21]
Underfull \hbox (badness 10000) in paragraph at lines 441--449

 []


Overfull \hbox (22.76875pt too wide) in paragraph at lines 441--449
[][]$ 
 []

[22]
Underfull \hbox (badness 10000) in paragraph at lines 454--455

 []


Underfull \hbox (badness 10000) in paragraph at lines 454--455

 []


Underfull \hbox (badness 10000) in paragraph at lines 463--470

 []

[23]
Underfull \hbox (badness 10000) in paragraph at lines 472--473

 []


Underfull \hbox (badness 10000) in paragraph at lines 472--473

 []

[24]

LaTeX Warning: File `image.png' not found on input line 506.


e:/College/Sem-6/PSP/CODES/TeX/format_example_1/format_example_1.tex:506: Package pdftex.def Error: File `image.png' not found: using draft setting.

See the pdftex.def package documentation for explanation.
Type  H <return>  for immediate help.
 ...                                              
                                                  
l.506     \includegraphics{image.png}
                                     
Try typing  <return>  to proceed.
If that doesn't work, type  X <return>  to quit.

[25] (./format_example_1.aux)
 ***********
LaTeX2e <2023-11-01>
L3 programming layer <2024-01-04>
 ***********


LaTeX Warning: Label(s) may have changed. Rerun to get cross-references right.

 ) 
Here is how much of TeX's memory you used:
 6482 strings out of 474165
 94776 string characters out of 5749497
 1943528 words of memory out of 5000000
 28707 multiletter control sequences out of 15000+600000
 565309 words of font info for 63 fonts, out of 8000000 for 9000
 1141 hyphenation exceptions out of 8191
 68i,14n,67p,436b,1348s stack positions out of 10000i,1000n,20000p,200000b,200000s
<c:/texlive/2023/texmf-dist/fonts/type1/public/amsfonts/cm/cmbx12.pfb><c:/texlive/2023/texmf-dist/fonts/type1/public/amsfonts/cm/cmex10.pfb><c:/texlive/2023/texmf-dist/fonts/type1/public/amsfonts/cm/cmmi12.pfb><c:/texlive/2023/texmf-dist/fonts/type1/public/amsfonts/cm/cmmi8.pfb><c:/texlive/2023/texmf-dist/fonts/type1/public/amsfonts/cm/cmr10.pfb><c:/texlive/2023/texmf-dist/fonts/type1/public/amsfonts/cm/cmr12.pfb><c:/texlive/2023/texmf-dist/fonts/type1/public/amsfonts/cm/cmr6.pfb><c:/texlive/2023/texmf-dist/fonts/type1/public/amsfonts/cm/cmr8.pfb><c:/texlive/2023/texmf-dist/fonts/type1/public/amsfonts/cm/cmsy10.pfb><c:/texlive/2023/texmf-dist/fonts/type1/public/amsfonts/cm/cmsy8.pfb><c:/texlive/2023/texmf-dist/fonts/type1/public/amsfonts/cm/cmti12.pfb><c:/texlive/2023/texmf-dist/fonts/type1/public/amsfonts/cm/cmtt10.pfb><c:/texlive/2023/texmf-dist/fonts/type1/public/amsfonts/cm/cmtt9.pfb><c:/texlive/2023/texmf-dist/fonts/type1/public/amsfonts/symbols/msam10.pfb>
Output written on format_example_1.pdf (25 pages, 205145 bytes).
PDF statistics:
 155 PDF objects out of 1000 (max. 8388607)
 99 compressed objects within 1 object stream
 0 named destinations out of 1000 (max. 500000)
 1 words of extra memory for PDF output out of 10000 (max. 10000000)

